<?xml version="1.0" encoding="UTF-8"?>
<!-- Generated by org.testng.reporters.JUnitXMLReporter -->
<testsuite ignored="5" hostname="DESKTOP-HPNOI30" failures="0" tests="1" name="Default test" time="18.431" errors="0" timestamp="2023-06-30T13:26:09 IST">
  <testcase classname="com.tutorialsninja.qa.testcases.RegisterTest" name="verifyRegisteringAnAccountWithMandatoryFields" time="1.842"/>
  <testcase classname="com.tutorialsninja.qa.testcases.RegisterTest" name="verifyRegisteringWithFilledFormWithoutClickingCheckBox" time="0.0">
    <ignored/>
  </testcase> <!-- verifyRegisteringWithFilledFormWithoutClickingCheckBox -->
  <testcase classname="com.tutorialsninja.qa.testcases.RegisterTest" name="verifyRegisteringAccountWithoutFillingAnyDetails" time="0.0">
    <ignored/>
  </testcase> <!-- verifyRegisteringAccountWithoutFillingAnyDetails -->
  <testcase classname="com.tutorialsninja.qa.testcases.RegisterTest" name="verifyRegisteringNoFilledFormWithClickingPrivacyPolicy" time="0.0">
    <ignored/>
  </testcase> <!-- verifyRegisteringNoFilledFormWithClickingPrivacyPolicy -->
  <testcase classname="com.tutorialsninja.qa.testcases.RegisterTest" name="verifyRegisteringAnAccountWithAllFields" time="0.0">
    <ignored/>
  </testcase> <!-- verifyRegisteringAnAccountWithAllFields -->
  <testcase classname="com.tutorialsninja.qa.testcases.RegisterTest" name="verifyRegisteringAccountWithExistingEmailAddress" time="0.0">
    <ignored/>
  </testcase> <!-- verifyRegisteringAccountWithExistingEmailAddress -->
</testsuite> <!-- Default test -->
