<?xml version="1.0" encoding="UTF-8"?>
<testng-results ignored="0" total="6" passed="6" failed="0" skipped="0">
  <reporter-output>
  </reporter-output>
  <suite started-at="2023-06-30T14:08:04 IST" name="TutorialsNinja Automation Suite" finished-at="2023-06-30T14:10:27 IST" duration-ms="142615">
    <groups>
    </groups>
    <test started-at="2023-06-30T14:08:04 IST" name="TutorialsNinja Tests" finished-at="2023-06-30T14:10:27 IST" duration-ms="142615">
      <class name="com.tutorialsninja.qa.testcases.RegisterTest">
        <test-method is-config="true" signature="setup()[pri:0, instance:com.tutorialsninja.qa.testcases.RegisterTest@3eb738bb]" started-at="2023-06-30T14:08:05 IST" name="setup" finished-at="2023-06-30T14:08:27 IST" duration-ms="22589" status="PASS">
          <reporter-output>
          </reporter-output>
        </test-method> <!-- setup -->
        <test-method signature="verifyRegisteringAnAccountWithMandatoryFields()[pri:1, instance:com.tutorialsninja.qa.testcases.RegisterTest@3eb738bb]" started-at="2023-06-30T14:08:27 IST" name="verifyRegisteringAnAccountWithMandatoryFields" finished-at="2023-06-30T14:08:29 IST" duration-ms="1926" status="PASS">
          <reporter-output>
          </reporter-output>
        </test-method> <!-- verifyRegisteringAnAccountWithMandatoryFields -->
        <test-method is-config="true" signature="tearDown()[pri:0, instance:com.tutorialsninja.qa.testcases.RegisterTest@3eb738bb]" started-at="2023-06-30T14:08:29 IST" name="tearDown" finished-at="2023-06-30T14:08:30 IST" duration-ms="953" status="PASS">
          <reporter-output>
          </reporter-output>
        </test-method> <!-- tearDown -->
        <test-method is-config="true" signature="setup()[pri:0, instance:com.tutorialsninja.qa.testcases.RegisterTest@3eb738bb]" started-at="2023-06-30T14:08:30 IST" name="setup" finished-at="2023-06-30T14:08:54 IST" duration-ms="24127" status="PASS">
          <reporter-output>
          </reporter-output>
        </test-method> <!-- setup -->
        <test-method signature="verifyRegisteringAnAccountWithAllFields()[pri:2, instance:com.tutorialsninja.qa.testcases.RegisterTest@3eb738bb]" started-at="2023-06-30T14:08:54 IST" name="verifyRegisteringAnAccountWithAllFields" finished-at="2023-06-30T14:08:56 IST" duration-ms="2019" status="PASS">
          <reporter-output>
          </reporter-output>
        </test-method> <!-- verifyRegisteringAnAccountWithAllFields -->
        <test-method is-config="true" signature="tearDown()[pri:0, instance:com.tutorialsninja.qa.testcases.RegisterTest@3eb738bb]" started-at="2023-06-30T14:08:56 IST" name="tearDown" finished-at="2023-06-30T14:08:57 IST" duration-ms="1003" status="PASS">
          <reporter-output>
          </reporter-output>
        </test-method> <!-- tearDown -->
        <test-method is-config="true" signature="setup()[pri:0, instance:com.tutorialsninja.qa.testcases.RegisterTest@3eb738bb]" started-at="2023-06-30T14:08:57 IST" name="setup" finished-at="2023-06-30T14:09:11 IST" duration-ms="13546" status="PASS">
          <reporter-output>
          </reporter-output>
        </test-method> <!-- setup -->
        <test-method signature="verifyRegisteringAccountWithExistingEmailAddress()[pri:3, instance:com.tutorialsninja.qa.testcases.RegisterTest@3eb738bb]" started-at="2023-06-30T14:09:11 IST" name="verifyRegisteringAccountWithExistingEmailAddress" finished-at="2023-06-30T14:09:40 IST" duration-ms="29443" status="PASS">
          <reporter-output>
          </reporter-output>
        </test-method> <!-- verifyRegisteringAccountWithExistingEmailAddress -->
        <test-method is-config="true" signature="tearDown()[pri:0, instance:com.tutorialsninja.qa.testcases.RegisterTest@3eb738bb]" started-at="2023-06-30T14:09:40 IST" name="tearDown" finished-at="2023-06-30T14:09:42 IST" duration-ms="1683" status="PASS">
          <reporter-output>
          </reporter-output>
        </test-method> <!-- tearDown -->
        <test-method is-config="true" signature="setup()[pri:0, instance:com.tutorialsninja.qa.testcases.RegisterTest@3eb738bb]" started-at="2023-06-30T14:09:42 IST" name="setup" finished-at="2023-06-30T14:09:56 IST" duration-ms="14249" status="PASS">
          <reporter-output>
          </reporter-output>
        </test-method> <!-- setup -->
        <test-method signature="verifyRegisteringAccountWithoutFillingAnyDetails()[pri:4, instance:com.tutorialsninja.qa.testcases.RegisterTest@3eb738bb]" started-at="2023-06-30T14:09:56 IST" name="verifyRegisteringAccountWithoutFillingAnyDetails" finished-at="2023-06-30T14:09:57 IST" duration-ms="808" status="PASS">
          <reporter-output>
          </reporter-output>
        </test-method> <!-- verifyRegisteringAccountWithoutFillingAnyDetails -->
        <test-method is-config="true" signature="tearDown()[pri:0, instance:com.tutorialsninja.qa.testcases.RegisterTest@3eb738bb]" started-at="2023-06-30T14:09:57 IST" name="tearDown" finished-at="2023-06-30T14:09:58 IST" duration-ms="541" status="PASS">
          <reporter-output>
          </reporter-output>
        </test-method> <!-- tearDown -->
        <test-method is-config="true" signature="setup()[pri:0, instance:com.tutorialsninja.qa.testcases.RegisterTest@3eb738bb]" started-at="2023-06-30T14:09:58 IST" name="setup" finished-at="2023-06-30T14:10:08 IST" duration-ms="10226" status="PASS">
          <reporter-output>
          </reporter-output>
        </test-method> <!-- setup -->
        <test-method signature="verifyRegisteringWithFilledFormWithoutClickingCheckBox()[pri:5, instance:com.tutorialsninja.qa.testcases.RegisterTest@3eb738bb]" started-at="2023-06-30T14:10:08 IST" name="verifyRegisteringWithFilledFormWithoutClickingCheckBox" finished-at="2023-06-30T14:10:10 IST" duration-ms="1769" status="PASS">
          <reporter-output>
          </reporter-output>
        </test-method> <!-- verifyRegisteringWithFilledFormWithoutClickingCheckBox -->
        <test-method is-config="true" signature="tearDown()[pri:0, instance:com.tutorialsninja.qa.testcases.RegisterTest@3eb738bb]" started-at="2023-06-30T14:10:10 IST" name="tearDown" finished-at="2023-06-30T14:10:10 IST" duration-ms="526" status="PASS">
          <reporter-output>
          </reporter-output>
        </test-method> <!-- tearDown -->
        <test-method is-config="true" signature="setup()[pri:0, instance:com.tutorialsninja.qa.testcases.RegisterTest@3eb738bb]" started-at="2023-06-30T14:10:10 IST" name="setup" finished-at="2023-06-30T14:10:25 IST" duration-ms="14562" status="PASS">
          <reporter-output>
          </reporter-output>
        </test-method> <!-- setup -->
        <test-method signature="verifyRegisteringNoFilledFormWithClickingPrivacyPolicy()[pri:6, instance:com.tutorialsninja.qa.testcases.RegisterTest@3eb738bb]" started-at="2023-06-30T14:10:25 IST" name="verifyRegisteringNoFilledFormWithClickingPrivacyPolicy" finished-at="2023-06-30T14:10:26 IST" duration-ms="956" status="PASS">
          <reporter-output>
          </reporter-output>
        </test-method> <!-- verifyRegisteringNoFilledFormWithClickingPrivacyPolicy -->
        <test-method is-config="true" signature="tearDown()[pri:0, instance:com.tutorialsninja.qa.testcases.RegisterTest@3eb738bb]" started-at="2023-06-30T14:10:26 IST" name="tearDown" finished-at="2023-06-30T14:10:27 IST" duration-ms="1120" status="PASS">
          <reporter-output>
          </reporter-output>
        </test-method> <!-- tearDown -->
      </class> <!-- com.tutorialsninja.qa.testcases.RegisterTest -->
    </test> <!-- TutorialsNinja Tests -->
  </suite> <!-- TutorialsNinja Automation Suite -->
</testng-results>
