<?xml version="1.0" encoding="UTF-8"?>
<testsuite xmlns:xsi="http://www.w3.org/2001/XMLSchema-instance" xsi:noNamespaceSchemaLocation="https://maven.apache.org/surefire/maven-surefire-plugin/xsd/surefire-test-report-3.0.xsd" version="3.0" name="TestSuite" time="145.377" tests="6" errors="0" skipped="0" failures="0">
  <properties>
[...]
</properties>
  <testcase name="verifyRegisteringAnAccountWithMandatoryFields" classname="com.tutorialsninja.qa.testcases.RegisterTest" time="1.948">
    <system-out><![CDATA[verifyRegisteringAnAccountWithMandatoryFields Started Execution
 INFO [main] (RegisterTest.java:48)- ********** verifyRegisteringAnAccountWithMandatoryFields started *************
 INFO [main] (RegisterTest.java:64)- ********** verifyRegisteringAnAccountWithMandatoryFields ended *************
]]></system-out>
    <system-err><![CDATA[SLF4J: Failed to load class "org.slf4j.impl.StaticLoggerBinder".
SLF4J: Defaulting to no-operation (NOP) logger implementation
SLF4J: See http://www.slf4j.org/codes.html#StaticLoggerBinder for further details.
log4j:WARN No such property [dateFormat] in org.apache.log4j.PatternLayout.
Starting ChromeDriver 114.0.5735.90 (386bc09e8f4f2e025eddae123f36f6263096ae49-refs/branch-heads/5735@{#1052}) on port 14893
Only local connections are allowed.
Please see https://chromedriver.chromium.org/security-considerations for suggestions on keeping ChromeDriver safe.
ChromeDriver was started successfully.
Jun 30, 2023 2:08:14 PM org.openqa.selenium.devtools.CdpVersionFinder findNearestMatch
WARNING: Unable to find CDP implementation matching 114
Jun 30, 2023 2:08:14 PM org.openqa.selenium.chromium.ChromiumDriver lambda$new$3
WARNING: Unable to find version of CDP to use for . You may need to include a dependency on a specific version of the CDP using something similar to `org.seleniumhq.selenium:selenium-devtools-v86:4.8.0` where the version ("v86") matches the version of the chromium-based browser you're using and the version number of the artifact is the same as Selenium's.
]]></system-err>
  </testcase>
  <testcase name="verifyRegisteringAnAccountWithAllFields" classname="com.tutorialsninja.qa.testcases.RegisterTest" time="2.018">
    <system-out><![CDATA[verifyRegisteringAnAccountWithAllFields Started Execution
 INFO [main] (RegisterTest.java:70)- ********** verifyRegisteringAnAccountWithAllFields started *************
 INFO [main] (RegisterTest.java:87)- ********** verifyRegisteringAnAccountWithAllFields ended *************
]]></system-out>
    <system-err><![CDATA[Starting ChromeDriver 114.0.5735.90 (386bc09e8f4f2e025eddae123f36f6263096ae49-refs/branch-heads/5735@{#1052}) on port 1081
Only local connections are allowed.
Please see https://chromedriver.chromium.org/security-considerations for suggestions on keeping ChromeDriver safe.
ChromeDriver was started successfully.
Jun 30, 2023 2:08:37 PM org.openqa.selenium.devtools.CdpVersionFinder findNearestMatch
WARNING: Unable to find CDP implementation matching 114
Jun 30, 2023 2:08:37 PM org.openqa.selenium.chromium.ChromiumDriver lambda$new$3
WARNING: Unable to find version of CDP to use for . You may need to include a dependency on a specific version of the CDP using something similar to `org.seleniumhq.selenium:selenium-devtools-v86:4.8.0` where the version ("v86") matches the version of the chromium-based browser you're using and the version number of the artifact is the same as Selenium's.
]]></system-err>
  </testcase>
  <testcase name="verifyRegisteringAccountWithExistingEmailAddress" classname="com.tutorialsninja.qa.testcases.RegisterTest" time="29.441">
    <system-out><![CDATA[verifyRegisteringAccountWithExistingEmailAddress Started Execution
 INFO [main] (RegisterTest.java:93)- ********** verifyRegisteringAccountWithExistingEmailAddress started *************
 INFO [main] (RegisterTest.java:108)- ********** verifyRegisteringAccountWithExistingEmailAddress ended *************
]]></system-out>
    <system-err><![CDATA[Starting ChromeDriver 114.0.5735.90 (386bc09e8f4f2e025eddae123f36f6263096ae49-refs/branch-heads/5735@{#1052}) on port 5972
Only local connections are allowed.
Please see https://chromedriver.chromium.org/security-considerations for suggestions on keeping ChromeDriver safe.
ChromeDriver was started successfully.
Jun 30, 2023 2:09:01 PM org.openqa.selenium.devtools.CdpVersionFinder findNearestMatch
WARNING: Unable to find CDP implementation matching 114
Jun 30, 2023 2:09:01 PM org.openqa.selenium.chromium.ChromiumDriver lambda$new$3
WARNING: Unable to find version of CDP to use for . You may need to include a dependency on a specific version of the CDP using something similar to `org.seleniumhq.selenium:selenium-devtools-v86:4.8.0` where the version ("v86") matches the version of the chromium-based browser you're using and the version number of the artifact is the same as Selenium's.
]]></system-err>
  </testcase>
  <testcase name="verifyRegisteringAccountWithoutFillingAnyDetails" classname="com.tutorialsninja.qa.testcases.RegisterTest" time="0.805">
    <system-out><![CDATA[verifyRegisteringAccountWithoutFillingAnyDetails Started Execution
 INFO [main] (RegisterTest.java:114)- ********** verifyRegisteringAccountWithoutFillingAnyDetails started *********
 INFO [main] (RegisterTest.java:141)- ********** verifyRegisteringAccountWithoutFillingAnyDetails ended *********
]]></system-out>
    <system-err><![CDATA[Starting ChromeDriver 114.0.5735.90 (386bc09e8f4f2e025eddae123f36f6263096ae49-refs/branch-heads/5735@{#1052}) on port 42620
Only local connections are allowed.
Please see https://chromedriver.chromium.org/security-considerations for suggestions on keeping ChromeDriver safe.
ChromeDriver was started successfully.
Jun 30, 2023 2:09:47 PM org.openqa.selenium.devtools.CdpVersionFinder findNearestMatch
WARNING: Unable to find CDP implementation matching 114
Jun 30, 2023 2:09:47 PM org.openqa.selenium.chromium.ChromiumDriver lambda$new$3
WARNING: Unable to find version of CDP to use for . You may need to include a dependency on a specific version of the CDP using something similar to `org.seleniumhq.selenium:selenium-devtools-v86:4.8.0` where the version ("v86") matches the version of the chromium-based browser you're using and the version number of the artifact is the same as Selenium's.
]]></system-err>
  </testcase>
  <testcase name="verifyRegisteringWithFilledFormWithoutClickingCheckBox" classname="com.tutorialsninja.qa.testcases.RegisterTest" time="1.771">
    <system-out><![CDATA[verifyRegisteringWithFilledFormWithoutClickingCheckBox Started Execution
 INFO [main] (RegisterTest.java:147)- verifyRegisteringWithFilledFormWithoutClickingCheckBox started
 INFO [main] (RegisterTest.java:160)- verifyRegisteringWithFilledFormWithoutClickingCheckBox ended
]]></system-out>
    <system-err><![CDATA[Starting ChromeDriver 114.0.5735.90 (386bc09e8f4f2e025eddae123f36f6263096ae49-refs/branch-heads/5735@{#1052}) on port 3087
Only local connections are allowed.
Please see https://chromedriver.chromium.org/security-considerations for suggestions on keeping ChromeDriver safe.
ChromeDriver was started successfully.
Jun 30, 2023 2:10:01 PM org.openqa.selenium.devtools.CdpVersionFinder findNearestMatch
WARNING: Unable to find CDP implementation matching 114
Jun 30, 2023 2:10:01 PM org.openqa.selenium.chromium.ChromiumDriver lambda$new$3
WARNING: Unable to find version of CDP to use for . You may need to include a dependency on a specific version of the CDP using something similar to `org.seleniumhq.selenium:selenium-devtools-v86:4.8.0` where the version ("v86") matches the version of the chromium-based browser you're using and the version number of the artifact is the same as Selenium's.
]]></system-err>
  </testcase>
  <testcase name="verifyRegisteringNoFilledFormWithClickingPrivacyPolicy" classname="com.tutorialsninja.qa.testcases.RegisterTest" time="0.962">
    <system-out><![CDATA[verifyRegisteringNoFilledFormWithClickingPrivacyPolicy Started Execution
 INFO [main] (RegisterTest.java:165)- verifyRegisteringNoFilledFormWithClickingPrivacyPolicy started
 INFO [main] (RegisterTest.java:189)- verifyRegisteringNoFilledFormWithClickingPrivacyPolicy ended
]]></system-out>
    <system-err><![CDATA[Starting ChromeDriver 114.0.5735.90 (386bc09e8f4f2e025eddae123f36f6263096ae49-refs/branch-heads/5735@{#1052}) on port 14673
Only local connections are allowed.
Please see https://chromedriver.chromium.org/security-considerations for suggestions on keeping ChromeDriver safe.
ChromeDriver was started successfully.
Jun 30, 2023 2:10:13 PM org.openqa.selenium.devtools.CdpVersionFinder findNearestMatch
WARNING: Unable to find CDP implementation matching 114
Jun 30, 2023 2:10:13 PM org.openqa.selenium.chromium.ChromiumDriver lambda$new$3
WARNING: Unable to find version of CDP to use for . You may need to include a dependency on a specific version of the CDP using something similar to `org.seleniumhq.selenium:selenium-devtools-v86:4.8.0` where the version ("v86") matches the version of the chromium-based browser you're using and the version number of the artifact is the same as Selenium's.
]]></system-err>
  </testcase>
</testsuite>