<?xml version="1.0" encoding="UTF-8"?>
<testng-results ignored="5" total="6" passed="1" failed="0" skipped="0">
  <reporter-output>
  </reporter-output>
  <suite started-at="2023-06-30T13:25:50 IST" name="Default suite" finished-at="2023-06-30T13:26:09 IST" duration-ms="18431">
    <groups>
    </groups>
    <test started-at="2023-06-30T13:25:50 IST" name="Default test" finished-at="2023-06-30T13:26:09 IST" duration-ms="18431">
      <class name="com.tutorialsninja.qa.testcases.RegisterTest">
        <test-method is-config="true" signature="setup()[pri:0, instance:com.tutorialsninja.qa.testcases.RegisterTest@6986bbaf]" started-at="2023-06-30T13:25:50 IST" name="setup" finished-at="2023-06-30T13:26:06 IST" duration-ms="15940" status="PASS">
          <reporter-output>
          </reporter-output>
        </test-method> <!-- setup -->
        <test-method signature="verifyRegisteringAnAccountWithMandatoryFields()[pri:1, instance:com.tutorialsninja.qa.testcases.RegisterTest@6986bbaf]" started-at="2023-06-30T13:26:06 IST" name="verifyRegisteringAnAccountWithMandatoryFields" finished-at="2023-06-30T13:26:08 IST" duration-ms="1842" status="PASS">
          <reporter-output>
          </reporter-output>
        </test-method> <!-- verifyRegisteringAnAccountWithMandatoryFields -->
        <test-method is-config="true" signature="tearDown()[pri:0, instance:com.tutorialsninja.qa.testcases.RegisterTest@6986bbaf]" started-at="2023-06-30T13:26:08 IST" name="tearDown" finished-at="2023-06-30T13:26:09 IST" duration-ms="556" status="PASS">
          <reporter-output>
          </reporter-output>
        </test-method> <!-- tearDown -->
      </class> <!-- com.tutorialsninja.qa.testcases.RegisterTest -->
    </test> <!-- Default test -->
  </suite> <!-- Default suite -->
</testng-results>
